<?xml version="1.0" encoding="UTF-8"?>
<!-- Generated by org.testng.reporters.JUnitXMLReporter -->
<testsuite hostname="TImeLine.local" name="Test" tests="1" failures="1" timestamp="10 Oct 2016 23:16:58 GMT" time="7.489" errors="0">
  <testcase name="feature" time="7.154" classname="com.RahulShetty.TestngRunner.TestngRunner">
    <failure type="cucumber.runtime.CucumberException" message="java.lang.AssertionError: expected [true] but found [false]">
      <![CDATA[cucumber.runtime.CucumberException: java.lang.AssertionError: expected [true] but found [false]
	at cucumber.api.testng.TestNGCucumberRunner.runCucumber(TestNGCucumberRunner.java:69)
	at cucumber.api.testng.AbstractTestNGCucumberTests.feature(AbstractTestNGCucumberTests.java:21)
Caused by: java.lang.AssertionError: expected [true] but found [false]
	at com.RahulShetty.stepdefinition.FirstStepDefinition.i_validate_the_title_of_the_page(FirstStepDefinition.java:25)
	at âœ½.Then I validate the title of the page(myfirstcucumberfeature.feature:6)
... Removed 32 stack frames]]>
    </failure>
  </testcase> <!-- feature -->
</testsuite> <!-- Test -->
