-------------------------------------------------------------------------------
Test set: TestSuite
-------------------------------------------------------------------------------
Tests run: 1, Failures: 1, Errors: 0, Skipped: 0, Time elapsed: 9.598 sec <<< FAILURE! - in TestSuite
feature(com.RahulShetty.TestngRunner.TestngRunner)  Time elapsed: 8.738 sec  <<< FAILURE!
cucumber.runtime.CucumberException: java.lang.AssertionError: expected [true] but found [false]
Caused by: java.lang.AssertionError: expected [true] but found [false]

